<?xml version="1.0" encoding="utf-8"?><testsuites name="pytest tests"><testsuite name="pytest" errors="0" failures="0" skipped="0" tests="22" time="14.197" timestamp="2026-08-11T16:02:05.351379+00:00" hostname="agent-env-db3611a5-f4d1-4595-a33b-1f6b786659fd"><testcase classname="tests.backend_test_v3.TestProfileFaceVerify" name="test_main_photo_no_descriptor_rejected" time="0.988" /><testcase classname="tests.backend_test_v3.TestProfileFaceVerify" name="test_main_photo_mismatch_rejected" time="0.706" /><testcase classname="tests.backend_test_v3.TestProfileFaceVerify" name="test_main_photo_match_success_sets_verified" time="0.870" /><testcase classname="tests.backend_test" name="test_swipe_mutual_match_returns_clean_json" time="2.225" /><testcase classname="tests.backend_test" name="test_matches_list_has_other_and_last_message" time="0.158" /><testcase classname="tests.backend_test" name="test_messages_send_and_list_order" time="0.775" /><testcase classname="tests.backend_test_v3.TestProfileFaceVerify" name="test_have_house_requires_flat_photos" time="0.687" /><testcase classname="tests.backend_test" name="test_ws_broadcasts_new_message" time="1.230" /><testcase classname="tests.backend_test_v3.TestProfileFaceVerify" name="test_have_house_with_flat_photos_ok" time="0.704" /><testcase classname="tests.backend_test_v3.TestLiveness" name="test_rejects_missing_descriptor" time="0.506" /><testcase classname="tests.backend_test_v3.TestDiscover" name="test_primary_and_nearby_buckets" time="2.671" /><testcase classname="tests.backend_test_v3.TestLiveness" name="test_rejects_short_descriptor" time="0.654" /><testcase classname="tests.backend_test_v3.TestLiveness" name="test_accepts_valid_descriptor_and_hides_it_from_me" time="0.782" /><testcase classname="tests.backend_test_v3.TestGeoSearch" name="test_short_query_rejected" time="0.155" /><testcase classname="tests.backend_test_v3.TestGeoSearch" name="test_returns_list_shape" time="0.352" /><testcase classname="tests.backend_test_v3.TestNonNegotiables" name="test_save_and_reflect_via_me" time="0.704" /><testcase classname="tests.backend_test_v3.TestDiscover" name="test_live_filter_food" time="2.935" /><testcase classname="tests.backend_test_v3.TestNonNegotiables" name="test_requires_auth" time="0.299" /><testcase classname="tests.backend_test_v3.TestProfileEdit" name="test_patch_updates_arbitrary_fields" time="1.258" /><testcase classname="tests.backend_test_v3.TestProfileEdit" name="test_patch_ignores_name" time="0.612" /><testcase classname="tests.backend_test_v3.TestDiscover" name="test_non_negotiable_food_filter" time="1.801" /><testcase classname="tests.backend_test_v3.TestDiscover" name="test_fallback_message_when_primary_empty" time="1.372" /></testsuite></testsuites>