<?xml version="1.0" encoding="utf-8"?><testsuites name="pytest tests"><testsuite name="pytest" errors="0" failures="0" skipped="0" tests="22" time="80.790" timestamp="2026-08-11T15:51:47.698098+00:00" hostname="agent-env-db3611a5-f4d1-4595-a33b-1f6b786659fd"><testcase classname="tests.backend_test_v3.TestProfileFaceVerify" name="test_main_photo_no_descriptor_rejected" time="1.114" /><testcase classname="tests.backend_test_v3.TestProfileFaceVerify" name="test_main_photo_mismatch_rejected" time="0.706" /><testcase classname="tests.backend_test" name="test_swipe_mutual_match_returns_clean_json" time="1.910" /><testcase classname="tests.backend_test_v3.TestProfileFaceVerify" name="test_main_photo_match_success_sets_verified" time="0.878" /><testcase classname="tests.backend_test" name="test_matches_list_has_other_and_last_message" time="0.254" /><testcase classname="tests.backend_test" name="test_messages_send_and_list_order" time="0.648" /><testcase classname="tests.backend_test_v3.TestProfileFaceVerify" name="test_have_house_requires_flat_photos" time="68.812" /><testcase classname="tests.backend_test" name="test_ws_broadcasts_new_message" time="69.238" /><testcase classname="tests.backend_test_v3.TestProfileFaceVerify" name="test_have_house_with_flat_photos_ok" time="0.874" /><testcase classname="tests.backend_test_v3.TestDiscover" name="test_primary_and_nearby_buckets" time="2.462" /><testcase classname="tests.backend_test_v3.TestLiveness" name="test_rejects_missing_descriptor" time="0.447" /><testcase classname="tests.backend_test_v3.TestLiveness" name="test_rejects_short_descriptor" time="0.587" /><testcase classname="tests.backend_test_v3.TestLiveness" name="test_accepts_valid_descriptor_and_hides_it_from_me" time="0.714" /><testcase classname="tests.backend_test_v3.TestGeoSearch" name="test_short_query_rejected" time="0.141" /><testcase classname="tests.backend_test_v3.TestGeoSearch" name="test_returns_list_shape" time="0.229" /><testcase classname="tests.backend_test_v3.TestNonNegotiables" name="test_save_and_reflect_via_me" time="0.703" /><testcase classname="tests.backend_test_v3.TestDiscover" name="test_live_filter_food" time="2.628" /><testcase classname="tests.backend_test_v3.TestNonNegotiables" name="test_requires_auth" time="0.106" /><testcase classname="tests.backend_test_v3.TestProfileEdit" name="test_patch_updates_arbitrary_fields" time="1.166" /><testcase classname="tests.backend_test_v3.TestProfileEdit" name="test_patch_ignores_name" time="0.558" /><testcase classname="tests.backend_test_v3.TestDiscover" name="test_non_negotiable_food_filter" time="1.352" /><testcase classname="tests.backend_test_v3.TestDiscover" name="test_fallback_message_when_primary_empty" time="1.257" /></testsuite></testsuites>