<?xml version="1.0" encoding="utf-8"?><testsuites name="pytest tests"><testsuite name="pytest" errors="0" failures="0" skipped="0" tests="4" time="3.890" timestamp="2026-08-10T15:54:34.178825+00:00" hostname="agent-env-db3611a5-f4d1-4595-a33b-1f6b786659fd"><testcase classname="tests.backend_test" name="test_swipe_mutual_match_returns_clean_json" time="1.698" /><testcase classname="tests.backend_test" name="test_matches_list_has_other_and_last_message" time="0.107" /><testcase classname="tests.backend_test" name="test_messages_send_and_list_order" time="0.663" /><testcase classname="tests.backend_test" name="test_ws_broadcasts_new_message" time="0.964" /></testsuite></testsuites>